<?xml version="1.0" encoding="UTF-8"?>
<testng-results skipped="6" failed="0" total="23" passed="17">
  <reporter-output>
  </reporter-output>
  <suite name="Command line suite" duration-ms="2323" started-at="2019-07-08T20:18:56Z" finished-at="2019-07-08T20:18:58Z">
    <groups>
    </groups>
    <test name="Command line test" duration-ms="2323" started-at="2019-07-08T20:18:56Z" finished-at="2019-07-08T20:18:58Z">
      <class name="com.websystique.springmvc.controller.AppControllerTest">
        <test-method status="PASS" signature="setUp()[pri:0, instance:com.websystique.springmvc.controller.AppControllerTest@43814d18]" name="setUp" is-config="true" duration-ms="330" started-at="2019-07-08T23:18:56Z" finished-at="2019-07-08T23:18:56Z">
          <reporter-output>
          </reporter-output>
        </test-method> <!-- setUp -->
        <test-method status="PASS" signature="deleteTrainer()[pri:0, instance:com.websystique.springmvc.controller.AppControllerTest@43814d18]" name="deleteTrainer" duration-ms="6" started-at="2019-07-08T23:18:56Z" finished-at="2019-07-08T23:18:56Z">
          <reporter-output>
          </reporter-output>
        </test-method> <!-- deleteTrainer -->
        <test-method status="PASS" signature="editTrainer()[pri:0, instance:com.websystique.springmvc.controller.AppControllerTest@43814d18]" name="editTrainer" duration-ms="30" started-at="2019-07-08T23:18:56Z" finished-at="2019-07-08T23:18:56Z">
          <reporter-output>
          </reporter-output>
        </test-method> <!-- editTrainer -->
        <test-method status="PASS" signature="listTrainers()[pri:0, instance:com.websystique.springmvc.controller.AppControllerTest@43814d18]" name="listTrainers" duration-ms="2" started-at="2019-07-08T23:18:56Z" finished-at="2019-07-08T23:18:56Z">
          <reporter-output>
          </reporter-output>
        </test-method> <!-- listTrainers -->
        <test-method status="PASS" signature="newTrainer()[pri:0, instance:com.websystique.springmvc.controller.AppControllerTest@43814d18]" name="newTrainer" duration-ms="0" started-at="2019-07-08T23:18:56Z" finished-at="2019-07-08T23:18:56Z">
          <reporter-output>
          </reporter-output>
        </test-method> <!-- newTrainer -->
        <test-method status="PASS" signature="saveTrainerWithSuccess()[pri:0, instance:com.websystique.springmvc.controller.AppControllerTest@43814d18]" name="saveTrainerWithSuccess" duration-ms="0" started-at="2019-07-08T23:18:56Z" finished-at="2019-07-08T23:18:56Z">
          <reporter-output>
          </reporter-output>
        </test-method> <!-- saveTrainerWithSuccess -->
        <test-method status="PASS" signature="saveTrainerWithValidationErrorNonUniqueSSN()[pri:0, instance:com.websystique.springmvc.controller.AppControllerTest@43814d18]" name="saveTrainerWithValidationErrorNonUniqueSSN" duration-ms="8" started-at="2019-07-08T23:18:56Z" finished-at="2019-07-08T23:18:56Z">
          <reporter-output>
          </reporter-output>
        </test-method> <!-- saveTrainerWithValidationErrorNonUniqueSSN -->
        <test-method status="PASS" signature="saveTrainerWithValidationError()[pri:0, instance:com.websystique.springmvc.controller.AppControllerTest@43814d18]" name="saveTrainerWithValidationError" duration-ms="0" started-at="2019-07-08T23:18:56Z" finished-at="2019-07-08T23:18:56Z">
          <reporter-output>
          </reporter-output>
        </test-method> <!-- saveTrainerWithValidationError -->
        <test-method status="PASS" signature="updateTrainerWithValidationErrorNonUniqueSSN()[pri:0, instance:com.websystique.springmvc.controller.AppControllerTest@43814d18]" name="updateTrainerWithValidationErrorNonUniqueSSN" duration-ms="0" started-at="2019-07-08T23:18:56Z" finished-at="2019-07-08T23:18:56Z">
          <reporter-output>
          </reporter-output>
        </test-method> <!-- updateTrainerWithValidationErrorNonUniqueSSN -->
        <test-method status="PASS" signature="updateTrainerWithSuccess()[pri:0, instance:com.websystique.springmvc.controller.AppControllerTest@43814d18]" name="updateTrainerWithSuccess" duration-ms="0" started-at="2019-07-08T23:18:56Z" finished-at="2019-07-08T23:18:56Z">
          <reporter-output>
          </reporter-output>
        </test-method> <!-- updateTrainerWithSuccess -->
        <test-method status="PASS" signature="updateTrainerWithValidationError()[pri:0, instance:com.websystique.springmvc.controller.AppControllerTest@43814d18]" name="updateTrainerWithValidationError" duration-ms="0" started-at="2019-07-08T23:18:56Z" finished-at="2019-07-08T23:18:56Z">
          <reporter-output>
          </reporter-output>
        </test-method> <!-- updateTrainerWithValidationError -->
      </class> <!-- com.websystique.springmvc.controller.AppControllerTest -->
      <class name="com.websystique.springmvc.dao.TrainerDaoImplTest">
        <test-method status="PASS" signature="springTestContextPrepareTestInstance()[pri:0, instance:com.websystique.springmvc.dao.TrainerDaoImplTest@6321e813]" name="springTestContextPrepareTestInstance" is-config="true" duration-ms="1669" started-at="2019-07-08T23:18:56Z" depends-on-methods="org.springframework.test.context.testng.AbstractTestNGSpringContextTests.springTestContextBeforeTestClass" finished-at="2019-07-08T23:18:58Z">
          <reporter-output>
          </reporter-output>
        </test-method> <!-- springTestContextPrepareTestInstance -->
        <test-method status="PASS" signature="springTestContextBeforeTestClass()[pri:0, instance:com.websystique.springmvc.dao.TrainerDaoImplTest@6321e813]" name="springTestContextBeforeTestClass" is-config="true" duration-ms="0" started-at="2019-07-08T23:18:56Z" finished-at="2019-07-08T23:18:56Z">
          <reporter-output>
          </reporter-output>
        </test-method> <!-- springTestContextBeforeTestClass -->
        <test-method status="PASS" signature="springTestContextBeforeTestMethod(java.lang.reflect.Method)[pri:0, instance:com.websystique.springmvc.dao.TrainerDaoImplTest@6321e813]" name="springTestContextBeforeTestMethod" is-config="true" duration-ms="61" started-at="2019-07-08T23:18:58Z" finished-at="2019-07-08T23:18:58Z">
          <params>
            <param index="0">
              <value>
                <![CDATA[public void com.websystique.springmvc.dao.TrainerDaoImplTest.deleteTrainerByInvalidSsn()]]>
              </value>
            </param>
          </params>
          <reporter-output>
          </reporter-output>
        </test-method> <!-- springTestContextBeforeTestMethod -->
        <test-method status="FAIL" signature="setUp()[pri:0, instance:com.websystique.springmvc.dao.TrainerDaoImplTest@6321e813]" name="setUp" is-config="true" duration-ms="0" started-at="2019-07-08T23:18:58Z" finished-at="2019-07-08T23:18:58Z">
          <exception class="org.dbunit.dataset.NoSuchTableException">
            <message>
              <![CDATA[employee]]>
            </message>
            <full-stacktrace>
              <![CDATA[org.dbunit.dataset.NoSuchTableException: employee
	at org.dbunit.database.DatabaseDataSet.getTableMetaData(DatabaseDataSet.java:192)
	at org.dbunit.operation.DeleteAllOperation.execute(DeleteAllOperation.java:98)
	at org.dbunit.operation.CompositeOperation.execute(CompositeOperation.java:67)
	at com.websystique.springmvc.dao.EntityDaoImplTest.setUp(EntityDaoImplTest.java:27)
	at sun.reflect.NativeMethodAccessorImpl.invoke0(Native Method)
	at sun.reflect.NativeMethodAccessorImpl.invoke(NativeMethodAccessorImpl.java:62)
	at sun.reflect.DelegatingMethodAccessorImpl.invoke(DelegatingMethodAccessorImpl.java:43)
	at java.lang.reflect.Method.invoke(Method.java:498)
	at org.testng.internal.MethodInvocationHelper.invokeMethod(MethodInvocationHelper.java:85)
	at org.testng.internal.Invoker.invokeConfigurationMethod(Invoker.java:517)
	at org.testng.internal.Invoker.invokeConfigurations(Invoker.java:213)
	at org.testng.internal.Invoker.invokeMethod(Invoker.java:601)
	at org.testng.internal.Invoker.invokeTestMethod(Invoker.java:845)
	at org.testng.internal.Invoker.invokeTestMethods(Invoker.java:1153)
	at org.testng.internal.TestMethodWorker.invokeTestMethods(TestMethodWorker.java:125)
	at org.testng.internal.TestMethodWorker.run(TestMethodWorker.java:108)
	at org.testng.TestRunner.privateRun(TestRunner.java:771)
	at org.testng.TestRunner.run(TestRunner.java:621)
	at org.testng.SuiteRunner.runTest(SuiteRunner.java:357)
	at org.testng.SuiteRunner.runSequentially(SuiteRunner.java:352)
	at org.testng.SuiteRunner.privateRun(SuiteRunner.java:310)
	at org.testng.SuiteRunner.run(SuiteRunner.java:259)
	at org.testng.SuiteRunnerWorker.runSuite(SuiteRunnerWorker.java:52)
	at org.testng.SuiteRunnerWorker.run(SuiteRunnerWorker.java:86)
	at org.testng.TestNG.runSuitesSequentially(TestNG.java:1199)
	at org.testng.TestNG.runSuitesLocally(TestNG.java:1124)
	at org.testng.TestNG.run(TestNG.java:1032)
	at org.apache.maven.surefire.testng.TestNGExecutor.run(TestNGExecutor.java:70)
	at org.apache.maven.surefire.testng.TestNGDirectoryTestSuite.executeMulti(TestNGDirectoryTestSuite.java:158)
	at org.apache.maven.surefire.testng.TestNGDirectoryTestSuite.execute(TestNGDirectoryTestSuite.java:98)
	at org.apache.maven.surefire.testng.TestNGProvider.invoke(TestNGProvider.java:111)
	at sun.reflect.NativeMethodAccessorImpl.invoke0(Native Method)
	at sun.reflect.NativeMethodAccessorImpl.invoke(NativeMethodAccessorImpl.java:62)
	at sun.reflect.DelegatingMethodAccessorImpl.invoke(DelegatingMethodAccessorImpl.java:43)
	at java.lang.reflect.Method.invoke(Method.java:498)
	at org.apache.maven.surefire.util.ReflectionUtils.invokeMethodWithArray(ReflectionUtils.java:164)
	at org.apache.maven.surefire.booter.ProviderFactory$ProviderProxy.invoke(ProviderFactory.java:110)
	at org.apache.maven.surefire.booter.SurefireStarter.invokeProvider(SurefireStarter.java:175)
	at org.apache.maven.surefire.booter.SurefireStarter.runSuitesInProcessWhenForked(SurefireStarter.java:107)
	at org.apache.maven.surefire.booter.ForkedBooter.main(ForkedBooter.java:68)
]]>
            </full-stacktrace>
          </exception> <!-- org.dbunit.dataset.NoSuchTableException -->
          <reporter-output>
          </reporter-output>
        </test-method> <!-- setUp -->
        <test-method status="SKIP" signature="deleteTrainerByInvalidSsn()[pri:0, instance:com.websystique.springmvc.dao.TrainerDaoImplTest@6321e813]" name="deleteTrainerByInvalidSsn" duration-ms="0" started-at="2019-07-08T23:18:58Z" finished-at="2019-07-08T23:18:58Z">
          <reporter-output>
          </reporter-output>
        </test-method> <!-- deleteTrainerByInvalidSsn -->
        <test-method status="PASS" signature="springTestContextAfterTestMethod(java.lang.reflect.Method)[pri:0, instance:com.websystique.springmvc.dao.TrainerDaoImplTest@6321e813]" name="springTestContextAfterTestMethod" is-config="true" duration-ms="12" started-at="2019-07-08T23:18:58Z" finished-at="2019-07-08T23:18:58Z">
          <params>
            <param index="0">
              <value>
                <![CDATA[public void com.websystique.springmvc.dao.TrainerDaoImplTest.deleteTrainerByInvalidSsn()]]>
              </value>
            </param>
          </params>
          <reporter-output>
          </reporter-output>
        </test-method> <!-- springTestContextAfterTestMethod -->
        <test-method status="SKIP" signature="springTestContextBeforeTestMethod(java.lang.reflect.Method)[pri:0, instance:com.websystique.springmvc.dao.TrainerDaoImplTest@6321e813]" name="springTestContextBeforeTestMethod" is-config="true" duration-ms="0" started-at="2019-07-08T23:18:58Z" finished-at="2019-07-08T23:18:58Z">
          <reporter-output>
          </reporter-output>
        </test-method> <!-- springTestContextBeforeTestMethod -->
        <test-method status="SKIP" signature="setUp()[pri:0, instance:com.websystique.springmvc.dao.TrainerDaoImplTest@6321e813]" name="setUp" is-config="true" duration-ms="0" started-at="2019-07-08T23:18:58Z" finished-at="2019-07-08T23:18:58Z">
          <reporter-output>
          </reporter-output>
        </test-method> <!-- setUp -->
        <test-method status="SKIP" signature="deleteTrainerBySsn()[pri:0, instance:com.websystique.springmvc.dao.TrainerDaoImplTest@6321e813]" name="deleteTrainerBySsn" duration-ms="0" started-at="2019-07-08T23:18:58Z" finished-at="2019-07-08T23:18:58Z">
          <reporter-output>
          </reporter-output>
        </test-method> <!-- deleteTrainerBySsn -->
        <test-method status="PASS" signature="springTestContextAfterTestMethod(java.lang.reflect.Method)[pri:0, instance:com.websystique.springmvc.dao.TrainerDaoImplTest@6321e813]" name="springTestContextAfterTestMethod" is-config="true" duration-ms="0" started-at="2019-07-08T23:18:58Z" finished-at="2019-07-08T23:18:58Z">
          <params>
            <param index="0">
              <value>
                <![CDATA[public void com.websystique.springmvc.dao.TrainerDaoImplTest.deleteTrainerBySsn()]]>
              </value>
            </param>
          </params>
          <reporter-output>
          </reporter-output>
        </test-method> <!-- springTestContextAfterTestMethod -->
        <test-method status="SKIP" signature="springTestContextBeforeTestMethod(java.lang.reflect.Method)[pri:0, instance:com.websystique.springmvc.dao.TrainerDaoImplTest@6321e813]" name="springTestContextBeforeTestMethod" is-config="true" duration-ms="0" started-at="2019-07-08T23:18:58Z" finished-at="2019-07-08T23:18:58Z">
          <reporter-output>
          </reporter-output>
        </test-method> <!-- springTestContextBeforeTestMethod -->
        <test-method status="SKIP" signature="springTestContextBeforeTestMethod(java.lang.reflect.Method)[pri:0, instance:com.websystique.springmvc.dao.TrainerDaoImplTest@6321e813]" name="springTestContextBeforeTestMethod" is-config="true" duration-ms="0" started-at="2019-07-08T23:18:58Z" finished-at="2019-07-08T23:18:58Z">
          <reporter-output>
          </reporter-output>
        </test-method> <!-- springTestContextBeforeTestMethod -->
        <test-method status="PASS" signature="springTestContextAfterTestMethod(java.lang.reflect.Method)[pri:0, instance:com.websystique.springmvc.dao.TrainerDaoImplTest@6321e813]" name="springTestContextAfterTestMethod" is-config="true" duration-ms="0" started-at="2019-07-08T23:18:58Z" finished-at="2019-07-08T23:18:58Z">
          <params>
            <param index="0">
              <value>
                <![CDATA[public void com.websystique.springmvc.dao.TrainerDaoImplTest.findAllTrainers()]]>
              </value>
            </param>
          </params>
          <reporter-output>
          </reporter-output>
        </test-method> <!-- springTestContextAfterTestMethod -->
        <test-method status="PASS" signature="springTestContextAfterTestMethod(java.lang.reflect.Method)[pri:0, instance:com.websystique.springmvc.dao.TrainerDaoImplTest@6321e813]" name="springTestContextAfterTestMethod" is-config="true" duration-ms="0" started-at="2019-07-08T23:18:58Z" finished-at="2019-07-08T23:18:58Z">
          <params>
            <param index="0">
              <value>
                <![CDATA[public void com.websystique.springmvc.dao.TrainerDaoImplTest.findById()]]>
              </value>
            </param>
          </params>
          <reporter-output>
          </reporter-output>
        </test-method> <!-- springTestContextAfterTestMethod -->
        <test-method status="SKIP" signature="setUp()[pri:0, instance:com.websystique.springmvc.dao.TrainerDaoImplTest@6321e813]" name="setUp" is-config="true" duration-ms="0" started-at="2019-07-08T23:18:58Z" finished-at="2019-07-08T23:18:58Z">
          <reporter-output>
          </reporter-output>
        </test-method> <!-- setUp -->
        <test-method status="SKIP" signature="setUp()[pri:0, instance:com.websystique.springmvc.dao.TrainerDaoImplTest@6321e813]" name="setUp" is-config="true" duration-ms="0" started-at="2019-07-08T23:18:58Z" finished-at="2019-07-08T23:18:58Z">
          <reporter-output>
          </reporter-output>
        </test-method> <!-- setUp -->
        <test-method status="SKIP" signature="springTestContextBeforeTestMethod(java.lang.reflect.Method)[pri:0, instance:com.websystique.springmvc.dao.TrainerDaoImplTest@6321e813]" name="springTestContextBeforeTestMethod" is-config="true" duration-ms="0" started-at="2019-07-08T23:18:58Z" finished-at="2019-07-08T23:18:58Z">
          <reporter-output>
          </reporter-output>
        </test-method> <!-- springTestContextBeforeTestMethod -->
        <test-method status="SKIP" signature="findById()[pri:0, instance:com.websystique.springmvc.dao.TrainerDaoImplTest@6321e813]" name="findById" duration-ms="0" started-at="2019-07-08T23:18:58Z" finished-at="2019-07-08T23:18:58Z">
          <reporter-output>
          </reporter-output>
        </test-method> <!-- findById -->
        <test-method status="SKIP" signature="setUp()[pri:0, instance:com.websystique.springmvc.dao.TrainerDaoImplTest@6321e813]" name="setUp" is-config="true" duration-ms="0" started-at="2019-07-08T23:18:58Z" finished-at="2019-07-08T23:18:58Z">
          <reporter-output>
          </reporter-output>
        </test-method> <!-- setUp -->
        <test-method status="SKIP" signature="findAllTrainers()[pri:0, instance:com.websystique.springmvc.dao.TrainerDaoImplTest@6321e813]" name="findAllTrainers" duration-ms="0" started-at="2019-07-08T23:18:58Z" finished-at="2019-07-08T23:18:58Z">
          <reporter-output>
          </reporter-output>
        </test-method> <!-- findAllTrainers -->
        <test-method status="SKIP" signature="findTrainerBySsn()[pri:0, instance:com.websystique.springmvc.dao.TrainerDaoImplTest@6321e813]" name="findTrainerBySsn" duration-ms="0" started-at="2019-07-08T23:18:58Z" finished-at="2019-07-08T23:18:58Z">
          <reporter-output>
          </reporter-output>
        </test-method> <!-- findTrainerBySsn -->
        <test-method status="PASS" signature="springTestContextAfterTestMethod(java.lang.reflect.Method)[pri:0, instance:com.websystique.springmvc.dao.TrainerDaoImplTest@6321e813]" name="springTestContextAfterTestMethod" is-config="true" duration-ms="1" started-at="2019-07-08T23:18:58Z" finished-at="2019-07-08T23:18:58Z">
          <params>
            <param index="0">
              <value>
                <![CDATA[public void com.websystique.springmvc.dao.TrainerDaoImplTest.findTrainerBySsn()]]>
              </value>
            </param>
          </params>
          <reporter-output>
          </reporter-output>
        </test-method> <!-- springTestContextAfterTestMethod -->
        <test-method status="PASS" signature="springTestContextAfterTestMethod(java.lang.reflect.Method)[pri:0, instance:com.websystique.springmvc.dao.TrainerDaoImplTest@6321e813]" name="springTestContextAfterTestMethod" is-config="true" duration-ms="0" started-at="2019-07-08T23:18:58Z" finished-at="2019-07-08T23:18:58Z">
          <params>
            <param index="0">
              <value>
                <![CDATA[public void com.websystique.springmvc.dao.TrainerDaoImplTest.saveTrainer()]]>
              </value>
            </param>
          </params>
          <reporter-output>
          </reporter-output>
        </test-method> <!-- springTestContextAfterTestMethod -->
        <test-method status="PASS" signature="springTestContextAfterTestClass()[pri:0, instance:com.websystique.springmvc.dao.TrainerDaoImplTest@6321e813]" name="springTestContextAfterTestClass" is-config="true" duration-ms="0" started-at="2019-07-08T23:18:58Z" finished-at="2019-07-08T23:18:58Z">
          <reporter-output>
          </reporter-output>
        </test-method> <!-- springTestContextAfterTestClass -->
        <test-method status="SKIP" signature="setUp()[pri:0, instance:com.websystique.springmvc.dao.TrainerDaoImplTest@6321e813]" name="setUp" is-config="true" duration-ms="0" started-at="2019-07-08T23:18:58Z" finished-at="2019-07-08T23:18:58Z">
          <reporter-output>
          </reporter-output>
        </test-method> <!-- setUp -->
        <test-method status="SKIP" signature="springTestContextBeforeTestMethod(java.lang.reflect.Method)[pri:0, instance:com.websystique.springmvc.dao.TrainerDaoImplTest@6321e813]" name="springTestContextBeforeTestMethod" is-config="true" duration-ms="0" started-at="2019-07-08T23:18:58Z" finished-at="2019-07-08T23:18:58Z">
          <reporter-output>
          </reporter-output>
        </test-method> <!-- springTestContextBeforeTestMethod -->
        <test-method status="SKIP" signature="saveTrainer()[pri:0, instance:com.websystique.springmvc.dao.TrainerDaoImplTest@6321e813]" name="saveTrainer" duration-ms="0" started-at="2019-07-08T23:18:58Z" finished-at="2019-07-08T23:18:58Z">
          <reporter-output>
          </reporter-output>
        </test-method> <!-- saveTrainer -->
      </class> <!-- com.websystique.springmvc.dao.TrainerDaoImplTest -->
      <class name="com.websystique.springmvc.service.TrainerServiceImplTest">
        <test-method status="PASS" signature="setUp()[pri:0, instance:com.websystique.springmvc.service.TrainerServiceImplTest@3d99d22e]" name="setUp" is-config="true" duration-ms="9" started-at="2019-07-08T23:18:58Z" finished-at="2019-07-08T23:18:58Z">
          <reporter-output>
          </reporter-output>
        </test-method> <!-- setUp -->
        <test-method status="PASS" signature="deleteTrainerBySsn()[pri:0, instance:com.websystique.springmvc.service.TrainerServiceImplTest@3d99d22e]" name="deleteTrainerBySsn" duration-ms="0" started-at="2019-07-08T23:18:58Z" finished-at="2019-07-08T23:18:58Z">
          <reporter-output>
          </reporter-output>
        </test-method> <!-- deleteTrainerBySsn -->
        <test-method status="PASS" signature="isTrainerSsnUnique()[pri:0, instance:com.websystique.springmvc.service.TrainerServiceImplTest@3d99d22e]" name="isTrainerSsnUnique" duration-ms="0" started-at="2019-07-08T23:18:58Z" finished-at="2019-07-08T23:18:58Z">
          <reporter-output>
          </reporter-output>
        </test-method> <!-- isTrainerSsnUnique -->
        <test-method status="PASS" signature="findAllTrainers()[pri:0, instance:com.websystique.springmvc.service.TrainerServiceImplTest@3d99d22e]" name="findAllTrainers" duration-ms="0" started-at="2019-07-08T23:18:58Z" finished-at="2019-07-08T23:18:58Z">
          <reporter-output>
          </reporter-output>
        </test-method> <!-- findAllTrainers -->
        <test-method status="PASS" signature="findById()[pri:0, instance:com.websystique.springmvc.service.TrainerServiceImplTest@3d99d22e]" name="findById" duration-ms="0" started-at="2019-07-08T23:18:58Z" finished-at="2019-07-08T23:18:58Z">
          <reporter-output>
          </reporter-output>
        </test-method> <!-- findById -->
        <test-method status="PASS" signature="findTrainerBySsn()[pri:0, instance:com.websystique.springmvc.service.TrainerServiceImplTest@3d99d22e]" name="findTrainerBySsn" duration-ms="0" started-at="2019-07-08T23:18:58Z" finished-at="2019-07-08T23:18:58Z">
          <reporter-output>
          </reporter-output>
        </test-method> <!-- findTrainerBySsn -->
        <test-method status="PASS" signature="saveTrainer()[pri:0, instance:com.websystique.springmvc.service.TrainerServiceImplTest@3d99d22e]" name="saveTrainer" duration-ms="0" started-at="2019-07-08T23:18:58Z" finished-at="2019-07-08T23:18:58Z">
          <reporter-output>
          </reporter-output>
        </test-method> <!-- saveTrainer -->
        <test-method status="PASS" signature="updateTrainer()[pri:0, instance:com.websystique.springmvc.service.TrainerServiceImplTest@3d99d22e]" name="updateTrainer" duration-ms="5" started-at="2019-07-08T23:18:58Z" finished-at="2019-07-08T23:18:58Z">
          <reporter-output>
          </reporter-output>
        </test-method> <!-- updateTrainer -->
      </class> <!-- com.websystique.springmvc.service.TrainerServiceImplTest -->
    </test> <!-- Command line test -->
  </suite> <!-- Command line suite -->
</testng-results>
