<?xml version="1.0" encoding="UTF-8"?>
<!-- Generated by org.testng.reporters.JUnitXMLReporter -->
<testsuite hostname="DESKTOP-KPGCM6D" name="Command line test" tests="23" failures="0" timestamp="8 Jul 2019 20:18:58 GMT" time="2.323" errors="0">
  <testcase name="@BeforeMethod setUp" time="0.0" classname="com.websystique.springmvc.dao.TrainerDaoImplTest">
    <failure type="org.dbunit.dataset.NoSuchTableException" message="employee">
      <![CDATA[org.dbunit.dataset.NoSuchTableException: employee
	at org.dbunit.database.DatabaseDataSet.getTableMetaData(DatabaseDataSet.java:192)
	at org.dbunit.operation.DeleteAllOperation.execute(DeleteAllOperation.java:98)
	at org.dbunit.operation.CompositeOperation.execute(CompositeOperation.java:67)
	at com.websystique.springmvc.dao.EntityDaoImplTest.setUp(EntityDaoImplTest.java:27)
... Removed 36 stack frames]]>
    </failure>
  </testcase> <!-- @BeforeMethod setUp -->
  <testcase name="@BeforeMethod springTestContextBeforeTestMethod" time="0.0" classname="com.websystique.springmvc.dao.TrainerDaoImplTest">
    <skipped/>
  </testcase> <!-- @BeforeMethod springTestContextBeforeTestMethod -->
  <testcase name="@BeforeMethod setUp" time="0.0" classname="com.websystique.springmvc.dao.TrainerDaoImplTest">
    <skipped/>
  </testcase> <!-- @BeforeMethod setUp -->
  <testcase name="@BeforeMethod springTestContextBeforeTestMethod" time="0.0" classname="com.websystique.springmvc.dao.TrainerDaoImplTest">
    <skipped/>
  </testcase> <!-- @BeforeMethod springTestContextBeforeTestMethod -->
  <testcase name="@BeforeMethod setUp" time="0.0" classname="com.websystique.springmvc.dao.TrainerDaoImplTest">
    <skipped/>
  </testcase> <!-- @BeforeMethod setUp -->
  <testcase name="@BeforeMethod springTestContextBeforeTestMethod" time="0.0" classname="com.websystique.springmvc.dao.TrainerDaoImplTest">
    <skipped/>
  </testcase> <!-- @BeforeMethod springTestContextBeforeTestMethod -->
  <testcase name="@BeforeMethod setUp" time="0.0" classname="com.websystique.springmvc.dao.TrainerDaoImplTest">
    <skipped/>
  </testcase> <!-- @BeforeMethod setUp -->
  <testcase name="@BeforeMethod springTestContextBeforeTestMethod" time="0.0" classname="com.websystique.springmvc.dao.TrainerDaoImplTest">
    <skipped/>
  </testcase> <!-- @BeforeMethod springTestContextBeforeTestMethod -->
  <testcase name="@BeforeMethod setUp" time="0.0" classname="com.websystique.springmvc.dao.TrainerDaoImplTest">
    <skipped/>
  </testcase> <!-- @BeforeMethod setUp -->
  <testcase name="@BeforeMethod springTestContextBeforeTestMethod" time="0.0" classname="com.websystique.springmvc.dao.TrainerDaoImplTest">
    <skipped/>
  </testcase> <!-- @BeforeMethod springTestContextBeforeTestMethod -->
  <testcase name="@BeforeMethod setUp" time="0.0" classname="com.websystique.springmvc.dao.TrainerDaoImplTest">
    <skipped/>
  </testcase> <!-- @BeforeMethod setUp -->
  <testcase name="deleteTrainer" time="0.006" classname="com.websystique.springmvc.controller.AppControllerTest"/>
  <testcase name="editTrainer" time="0.03" classname="com.websystique.springmvc.controller.AppControllerTest"/>
  <testcase name="listTrainers" time="0.002" classname="com.websystique.springmvc.controller.AppControllerTest"/>
  <testcase name="newTrainer" time="0.0" classname="com.websystique.springmvc.controller.AppControllerTest"/>
  <testcase name="saveTrainerWithSuccess" time="0.0" classname="com.websystique.springmvc.controller.AppControllerTest"/>
  <testcase name="saveTrainerWithValidationError" time="0.0" classname="com.websystique.springmvc.controller.AppControllerTest"/>
  <testcase name="saveTrainerWithValidationErrorNonUniqueSSN" time="0.008" classname="com.websystique.springmvc.controller.AppControllerTest"/>
  <testcase name="updateTrainerWithSuccess" time="0.0" classname="com.websystique.springmvc.controller.AppControllerTest"/>
  <testcase name="updateTrainerWithValidationError" time="0.0" classname="com.websystique.springmvc.controller.AppControllerTest"/>
  <testcase name="updateTrainerWithValidationErrorNonUniqueSSN" time="0.0" classname="com.websystique.springmvc.controller.AppControllerTest"/>
  <testcase name="deleteTrainerByInvalidSsn" time="0.0" classname="com.websystique.springmvc.dao.TrainerDaoImplTest">
    <skipped/>
  </testcase> <!-- deleteTrainerByInvalidSsn -->
  <testcase name="deleteTrainerBySsn" time="0.0" classname="com.websystique.springmvc.dao.TrainerDaoImplTest">
    <skipped/>
  </testcase> <!-- deleteTrainerBySsn -->
  <testcase name="findAllTrainers" time="0.0" classname="com.websystique.springmvc.dao.TrainerDaoImplTest">
    <skipped/>
  </testcase> <!-- findAllTrainers -->
  <testcase name="findById" time="0.0" classname="com.websystique.springmvc.dao.TrainerDaoImplTest">
    <skipped/>
  </testcase> <!-- findById -->
  <testcase name="findTrainerBySsn" time="0.0" classname="com.websystique.springmvc.dao.TrainerDaoImplTest">
    <skipped/>
  </testcase> <!-- findTrainerBySsn -->
  <testcase name="saveTrainer" time="0.0" classname="com.websystique.springmvc.dao.TrainerDaoImplTest">
    <skipped/>
  </testcase> <!-- saveTrainer -->
  <testcase name="deleteTrainerBySsn" time="0.0" classname="com.websystique.springmvc.service.TrainerServiceImplTest"/>
  <testcase name="findAllTrainers" time="0.0" classname="com.websystique.springmvc.service.TrainerServiceImplTest"/>
  <testcase name="findById" time="0.0" classname="com.websystique.springmvc.service.TrainerServiceImplTest"/>
  <testcase name="findTrainerBySsn" time="0.0" classname="com.websystique.springmvc.service.TrainerServiceImplTest"/>
  <testcase name="isTrainerSsnUnique" time="0.0" classname="com.websystique.springmvc.service.TrainerServiceImplTest"/>
  <testcase name="saveTrainer" time="0.0" classname="com.websystique.springmvc.service.TrainerServiceImplTest"/>
  <testcase name="updateTrainer" time="0.005" classname="com.websystique.springmvc.service.TrainerServiceImplTest"/>
</testsuite> <!-- Command line test -->
